[0109/031716.651:ERROR:process_reader_win.cc(123)] NtOpenThread: {Access Denied} A process has requested access to an object, but has not been granted those access rights. (0xc0000022)
[0109/031716.670:ERROR:exception_snapshot_win.cc(99)] thread ID 10672 not found in process
[0109/031716.725:ERROR:process_reader_win.cc(123)] NtOpenThread: {Access Denied} A process has requested access to an object, but has not been granted those access rights. (0xc0000022)
[0109/031716.725:ERROR:exception_snapshot_win.cc(99)] thread ID 8180 not found in process
[0109/031735.392:ERROR:process_reader_win.cc(123)] NtOpenThread: {Access Denied} A process has requested access to an object, but has not been granted those access rights. (0xc0000022)
[0109/031735.393:ERROR:exception_snapshot_win.cc(99)] thread ID 10264 not found in process
[0109/031735.589:ERROR:process_reader_win.cc(123)] NtOpenThread: {Access Denied} A process has requested access to an object, but has not been granted those access rights. (0xc0000022)
[0109/031735.590:ERROR:exception_snapshot_win.cc(99)] thread ID 2116 not found in process
[0109/031735.614:ERROR:process_reader_win.cc(123)] NtOpenThread: {Access Denied} A process has requested access to an object, but has not been granted those access rights. (0xc0000022)
[0109/031735.615:ERROR:exception_snapshot_win.cc(99)] thread ID 6252 not found in process
[0109/031918.245:ERROR:process_reader_win.cc(123)] NtOpenThread: {Access Denied} A process has requested access to an object, but has not been granted those access rights. (0xc0000022)
[0109/031918.246:ERROR:exception_snapshot_win.cc(99)] thread ID 8264 not found in process
[0109/031918.259:ERROR:process_reader_win.cc(123)] NtOpenThread: {Access Denied} A process has requested access to an object, but has not been granted those access rights. (0xc0000022)
[0109/031918.259:ERROR:exception_snapshot_win.cc(99)] thread ID 2308 not found in process
[0109/190655.346:ERROR:directory_reader_win.cc(43)] FindFirstFile: The system cannot find the path specified. (0x3)
[0109/191258.516:ERROR:process_reader_win.cc(151)] SuspendThread: Access is denied. (0x5)
[0109/191258.518:ERROR:process_reader_win.cc(123)] NtOpenThread: {Access Denied} A process has requested access to an object, but has not been granted those access rights. (0xc0000022)
[0109/191258.601:ERROR:exception_snapshot_win.cc(99)] thread ID 20052 not found in process
[0110/035338.230:ERROR:process_reader_win.cc(123)] NtOpenThread: {Access Denied} A process has requested access to an object, but has not been granted those access rights. (0xc0000022)
[0110/035338.253:ERROR:exception_snapshot_win.cc(99)] thread ID 15552 not found in process
[0110/035338.262:ERROR:process_reader_win.cc(123)] NtOpenThread: {Access Denied} A process has requested access to an object, but has not been granted those access rights. (0xc0000022)
[0110/035338.262:ERROR:exception_snapshot_win.cc(99)] thread ID 7876 not found in process
[0110/040648.091:ERROR:directory_reader_win.cc(43)] FindFirstFile: The system cannot find the path specified. (0x3)
[0110/132952.547:ERROR:directory_reader_win.cc(43)] FindFirstFile: The system cannot find the path specified. (0x3)
[0110/134640.772:ERROR:process_reader_win.cc(123)] NtOpenThread: {Access Denied} A process has requested access to an object, but has not been granted those access rights. (0xc0000022)
[0110/134640.773:ERROR:exception_snapshot_win.cc(99)] thread ID 10824 not found in process
[0110/134640.774:ERROR:process_reader_win.cc(123)] NtOpenThread: {Access Denied} A process has requested access to an object, but has not been granted those access rights. (0xc0000022)
[0110/134640.774:ERROR:exception_snapshot_win.cc(99)] thread ID 20664 not found in process
[0110/134640.784:ERROR:process_reader_win.cc(123)] NtOpenThread: {Access Denied} A process has requested access to an object, but has not been granted those access rights. (0xc0000022)
[0110/134640.784:ERROR:exception_snapshot_win.cc(99)] thread ID 11564 not found in process
[0110/134640.867:ERROR:process_reader_win.cc(123)] NtOpenThread: {Access Denied} A process has requested access to an object, but has not been granted those access rights. (0xc0000022)
[0110/134640.868:ERROR:exception_snapshot_win.cc(99)] thread ID 18404 not found in process
[0110/135644.341:ERROR:directory_reader_win.cc(43)] FindFirstFile: The system cannot find the path specified. (0x3)
[0110/154100.458:ERROR:process_reader_win.cc(123)] NtOpenThread: {Access Denied} A process has requested access to an object, but has not been granted those access rights. (0xc0000022)
[0110/154100.459:ERROR:exception_snapshot_win.cc(99)] thread ID 22812 not found in process
[0110/154100.483:ERROR:process_reader_win.cc(123)] NtOpenThread: {Access Denied} A process has requested access to an object, but has not been granted those access rights. (0xc0000022)
[0110/154100.483:ERROR:exception_snapshot_win.cc(99)] thread ID 17664 not found in process
[0110/154100.517:ERROR:process_reader_win.cc(123)] NtOpenThread: {Access Denied} A process has requested access to an object, but has not been granted those access rights. (0xc0000022)
[0110/154100.518:ERROR:exception_snapshot_win.cc(99)] thread ID 1776 not found in process
[0110/154100.688:ERROR:process_reader_win.cc(123)] NtOpenThread: {Access Denied} A process has requested access to an object, but has not been granted those access rights. (0xc0000022)
[0110/154100.688:ERROR:exception_snapshot_win.cc(99)] thread ID 15516 not found in process
[0110/160623.059:ERROR:directory_reader_win.cc(43)] FindFirstFile: The system cannot find the path specified. (0x3)
[0110/165351.202:ERROR:directory_reader_win.cc(43)] FindFirstFile: The system cannot find the path specified. (0x3)
[0110/214439.909:ERROR:directory_reader_win.cc(43)] FindFirstFile: The system cannot find the path specified. (0x3)
[0110/221120.031:ERROR:directory_reader_win.cc(43)] FindFirstFile: The system cannot find the path specified. (0x3)
[0110/225608.423:ERROR:directory_reader_win.cc(43)] FindFirstFile: The system cannot find the path specified. (0x3)
[0111/113030.932:ERROR:directory_reader_win.cc(43)] FindFirstFile: The system cannot find the path specified. (0x3)
[0111/114237.257:ERROR:process_reader_win.cc(123)] NtOpenThread: {Access Denied} A process has requested access to an object, but has not been granted those access rights. (0xc0000022)
[0111/114237.240:ERROR:process_reader_win.cc(123)] NtOpenThread: {Access Denied} A process has requested access to an object, but has not been granted those access rights. (0xc0000022)
[0111/114237.273:ERROR:exception_snapshot_win.cc(99)] thread ID 10248 not found in process
[0111/114237.273:ERROR:exception_snapshot_win.cc(99)] thread ID 17572 not found in process
[0111/122133.515:ERROR:directory_reader_win.cc(43)] FindFirstFile: The system cannot find the path specified. (0x3)
[0111/130356.623:ERROR:process_reader_win.cc(151)] SuspendThread: Access is denied. (0x5)
[0111/130356.649:ERROR:process_reader_win.cc(151)] SuspendThread: Access is denied. (0x5)
[0111/130356.658:ERROR:process_reader_win.cc(151)] SuspendThread: Access is denied. (0x5)
[0111/130356.658:ERROR:process_reader_win.cc(151)] SuspendThread: Access is denied. (0x5)
[0111/130356.658:ERROR:process_reader_win.cc(151)] SuspendThread: Access is denied. (0x5)
[0111/130356.658:ERROR:process_reader_win.cc(151)] SuspendThread: Access is denied. (0x5)
[0111/130356.658:ERROR:process_reader_win.cc(151)] SuspendThread: Access is denied. (0x5)
[0111/130356.658:ERROR:process_reader_win.cc(123)] NtOpenThread: {Access Denied} A process has requested access to an object, but has not been granted those access rights. (0xc0000022)
[0111/130356.716:ERROR:exception_snapshot_win.cc(99)] thread ID 24496 not found in process
[0111/130356.658:ERROR:process_reader_win.cc(123)] NtOpenThread: {Access Denied} A process has requested access to an object, but has not been granted those access rights. (0xc0000022)
[0111/130356.717:ERROR:exception_snapshot_win.cc(99)] thread ID 14704 not found in process
[0111/185034.419:ERROR:process_reader_win.cc(123)] NtOpenThread: {Access Denied} A process has requested access to an object, but has not been granted those access rights. (0xc0000022)
[0111/185034.436:ERROR:process_reader_win.cc(123)] NtOpenThread: {Access Denied} A process has requested access to an object, but has not been granted those access rights. (0xc0000022)
[0111/185034.587:ERROR:exception_snapshot_win.cc(99)] thread ID 14360 not found in process
[0111/185034.587:ERROR:exception_snapshot_win.cc(99)] thread ID 23200 not found in process
[0111/203516.698:ERROR:directory_reader_win.cc(43)] FindFirstFile: The system cannot find the path specified. (0x3)
[0111/211336.718:ERROR:directory_reader_win.cc(43)] FindFirstFile: The system cannot find the path specified. (0x3)
[0111/213214.248:ERROR:directory_reader_win.cc(43)] FindFirstFile: The system cannot find the path specified. (0x3)
[0111/223814.801:ERROR:directory_reader_win.cc(43)] FindFirstFile: The system cannot find the path specified. (0x3)
[0112/050815.747:ERROR:process_reader_win.cc(123)] NtOpenThread: {Access Denied} A process has requested access to an object, but has not been granted those access rights. (0xc0000022)
[0112/050815.794:ERROR:exception_snapshot_win.cc(99)] thread ID 14552 not found in process
[0112/050815.731:ERROR:process_reader_win.cc(123)] NtOpenThread: {Access Denied} A process has requested access to an object, but has not been granted those access rights. (0xc0000022)
[0112/050815.795:ERROR:exception_snapshot_win.cc(99)] thread ID 22924 not found in process
[0112/092542.732:ERROR:process_reader_win.cc(123)] NtOpenThread: {Access Denied} A process has requested access to an object, but has not been granted those access rights. (0xc0000022)
[0112/092542.740:ERROR:process_reader_win.cc(123)] NtOpenThread: {Access Denied} A process has requested access to an object, but has not been granted those access rights. (0xc0000022)
[0112/092543.702:ERROR:exception_snapshot_win.cc(99)] thread ID 19200 not found in process
[0112/092543.702:ERROR:exception_snapshot_win.cc(99)] thread ID 21112 not found in process
[0112/102826.907:ERROR:directory_reader_win.cc(43)] FindFirstFile: The system cannot find the path specified. (0x3)
[0112/103214.141:ERROR:process_reader_win.cc(123)] NtOpenThread: {Access Denied} A process has requested access to an object, but has not been granted those access rights. (0xc0000022)
[0112/103214.162:ERROR:exception_snapshot_win.cc(99)] thread ID 11576 not found in process
[0112/103214.188:ERROR:process_reader_win.cc(123)] NtOpenThread: {Access Denied} A process has requested access to an object, but has not been granted those access rights. (0xc0000022)
[0112/103214.188:ERROR:exception_snapshot_win.cc(99)] thread ID 18560 not found in process
[0112/213204.814:ERROR:process_reader_win.cc(123)] NtOpenThread: {Access Denied} A process has requested access to an object, but has not been granted those access rights. (0xc0000022)
[0112/213204.805:ERROR:process_reader_win.cc(123)] NtOpenThread: {Access Denied} A process has requested access to an object, but has not been granted those access rights. (0xc0000022)
[0112/213205.027:ERROR:exception_snapshot_win.cc(99)] thread ID 20756 not found in process
[0112/213205.027:ERROR:exception_snapshot_win.cc(99)] thread ID 5276 not found in process
[0112/234021.866:ERROR:directory_reader_win.cc(43)] FindFirstFile: The system cannot find the path specified. (0x3)
[0113/000624.559:ERROR:directory_reader_win.cc(43)] FindFirstFile: The system cannot find the path specified. (0x3)
[0113/025601.081:ERROR:directory_reader_win.cc(43)] FindFirstFile: The system cannot find the path specified. (0x3)
[0113/033924.513:ERROR:process_reader_win.cc(123)] NtOpenThread: {Access Denied} A process has requested access to an object, but has not been granted those access rights. (0xc0000022)
[0113/033924.523:ERROR:exception_snapshot_win.cc(99)] thread ID 22964 not found in process
[0113/033924.529:ERROR:process_reader_win.cc(123)] NtOpenThread: {Access Denied} A process has requested access to an object, but has not been granted those access rights. (0xc0000022)
[0113/033924.529:ERROR:exception_snapshot_win.cc(99)] thread ID 5672 not found in process
[0113/051839.525:ERROR:directory_reader_win.cc(43)] FindFirstFile: The system cannot find the path specified. (0x3)
[0113/051853.304:ERROR:process_reader_win.cc(123)] NtOpenThread: {Access Denied} A process has requested access to an object, but has not been granted those access rights. (0xc0000022)
[0113/051853.304:ERROR:exception_snapshot_win.cc(99)] thread ID 18240 not found in process
[0113/051853.313:ERROR:process_reader_win.cc(123)] NtOpenThread: {Access Denied} A process has requested access to an object, but has not been granted those access rights. (0xc0000022)
[0113/051853.314:ERROR:exception_snapshot_win.cc(99)] thread ID 11504 not found in process
[0113/051853.317:ERROR:process_reader_win.cc(123)] NtOpenThread: {Access Denied} A process has requested access to an object, but has not been granted those access rights. (0xc0000022)
[0113/051853.317:ERROR:exception_snapshot_win.cc(99)] thread ID 21324 not found in process
[0113/051853.358:ERROR:process_reader_win.cc(123)] NtOpenThread: {Access Denied} A process has requested access to an object, but has not been granted those access rights. (0xc0000022)
[0113/051853.358:ERROR:exception_snapshot_win.cc(99)] thread ID 15916 not found in process
[0113/052918.339:ERROR:directory_reader_win.cc(43)] FindFirstFile: The system cannot find the path specified. (0x3)
[0113/060108.611:ERROR:process_reader_win.cc(123)] NtOpenThread: {Access Denied} A process has requested access to an object, but has not been granted those access rights. (0xc0000022)
[0113/060108.612:ERROR:exception_snapshot_win.cc(99)] thread ID 23260 not found in process
[0113/060108.613:ERROR:process_reader_win.cc(123)] NtOpenThread: {Access Denied} A process has requested access to an object, but has not been granted those access rights. (0xc0000022)
[0113/060108.614:ERROR:exception_snapshot_win.cc(99)] thread ID 25352 not found in process
[0113/060108.615:ERROR:process_reader_win.cc(123)] NtOpenThread: {Access Denied} A process has requested access to an object, but has not been granted those access rights. (0xc0000022)
[0113/060108.616:ERROR:exception_snapshot_win.cc(99)] thread ID 1820 not found in process
[0113/060108.643:ERROR:process_reader_win.cc(123)] NtOpenThread: {Access Denied} A process has requested access to an object, but has not been granted those access rights. (0xc0000022)
[0113/060108.643:ERROR:exception_snapshot_win.cc(99)] thread ID 6736 not found in process
[0113/060108.643:ERROR:scoped_process_suspend.cc(40)] NtResumeProcess: An attempt was made to access an exiting process. (0xc000010a)
[0113/061114.550:ERROR:directory_reader_win.cc(43)] FindFirstFile: The system cannot find the path specified. (0x3)
[0113/111155.479:ERROR:process_reader_win.cc(123)] NtOpenThread: {Access Denied} A process has requested access to an object, but has not been granted those access rights. (0xc0000022)
[0113/111155.491:ERROR:process_reader_win.cc(123)] NtOpenThread: {Access Denied} A process has requested access to an object, but has not been granted those access rights. (0xc0000022)
[0113/111155.624:ERROR:exception_snapshot_win.cc(99)] thread ID 13656 not found in process
[0113/111155.624:ERROR:exception_snapshot_win.cc(99)] thread ID 17976 not found in process
[0113/111155.740:ERROR:process_reader_win.cc(123)] NtOpenThread: {Access Denied} A process has requested access to an object, but has not been granted those access rights. (0xc0000022)
[0113/111155.740:ERROR:exception_snapshot_win.cc(99)] thread ID 24632 not found in process
[0113/111155.748:ERROR:process_reader_win.cc(123)] NtOpenThread: {Access Denied} A process has requested access to an object, but has not been granted those access rights. (0xc0000022)
[0113/111155.748:ERROR:exception_snapshot_win.cc(99)] thread ID 15636 not found in process
[0113/111909.729:ERROR:process_reader_win.cc(123)] NtOpenThread: {Access Denied} A process has requested access to an object, but has not been granted those access rights. (0xc0000022)
[0113/111909.730:ERROR:exception_snapshot_win.cc(99)] thread ID 25428 not found in process
[0113/111909.751:ERROR:process_reader_win.cc(123)] NtOpenThread: {Access Denied} A process has requested access to an object, but has not been granted those access rights. (0xc0000022)
[0113/111909.751:ERROR:exception_snapshot_win.cc(99)] thread ID 24340 not found in process
[0113/113115.132:ERROR:directory_reader_win.cc(43)] FindFirstFile: The system cannot find the path specified. (0x3)
[0113/114540.744:ERROR:process_reader_win.cc(123)] NtOpenThread: {Access Denied} A process has requested access to an object, but has not been granted those access rights. (0xc0000022)
[0113/114540.745:ERROR:exception_snapshot_win.cc(99)] thread ID 18656 not found in process
[0113/114540.762:ERROR:process_reader_win.cc(123)] NtOpenThread: {Access Denied} A process has requested access to an object, but has not been granted those access rights. (0xc0000022)
[0113/114540.762:ERROR:exception_snapshot_win.cc(99)] thread ID 13428 not found in process
[0113/115706.154:ERROR:process_reader_win.cc(123)] NtOpenThread: {Access Denied} A process has requested access to an object, but has not been granted those access rights. (0xc0000022)
[0113/115706.156:ERROR:exception_snapshot_win.cc(99)] thread ID 9028 not found in process
[0113/115706.164:ERROR:process_reader_win.cc(123)] NtOpenThread: {Access Denied} A process has requested access to an object, but has not been granted those access rights. (0xc0000022)
[0113/115706.164:ERROR:exception_snapshot_win.cc(99)] thread ID 17320 not found in process
[0113/121242.433:ERROR:process_reader_win.cc(123)] NtOpenThread: {Access Denied} A process has requested access to an object, but has not been granted those access rights. (0xc0000022)
[0113/121242.481:ERROR:exception_snapshot_win.cc(99)] thread ID 13888 not found in process
[0113/121242.637:ERROR:process_reader_win.cc(123)] NtOpenThread: {Access Denied} A process has requested access to an object, but has not been granted those access rights. (0xc0000022)
[0113/121242.637:ERROR:exception_snapshot_win.cc(99)] thread ID 25420 not found in process
[0113/121242.649:ERROR:process_reader_win.cc(123)] NtOpenThread: {Access Denied} A process has requested access to an object, but has not been granted those access rights. (0xc0000022)
[0113/121242.650:ERROR:exception_snapshot_win.cc(99)] thread ID 22876 not found in process
[0113/121242.666:ERROR:process_reader_win.cc(123)] NtOpenThread: {Access Denied} A process has requested access to an object, but has not been granted those access rights. (0xc0000022)
[0113/121242.666:ERROR:exception_snapshot_win.cc(99)] thread ID 11016 not found in process
[0113/121242.679:ERROR:process_reader_win.cc(123)] NtOpenThread: {Access Denied} A process has requested access to an object, but has not been granted those access rights. (0xc0000022)
[0113/121242.679:ERROR:exception_snapshot_win.cc(99)] thread ID 17224 not found in process
[0113/122247.152:ERROR:directory_reader_win.cc(43)] FindFirstFile: The system cannot find the path specified. (0x3)
[0113/132054.423:ERROR:process_reader_win.cc(123)] NtOpenThread: {Access Denied} A process has requested access to an object, but has not been granted those access rights. (0xc0000022)
[0113/132054.424:ERROR:exception_snapshot_win.cc(99)] thread ID 5536 not found in process
[0113/132054.562:ERROR:process_reader_win.cc(123)] NtOpenThread: {Access Denied} A process has requested access to an object, but has not been granted those access rights. (0xc0000022)
[0113/132054.562:ERROR:exception_snapshot_win.cc(99)] thread ID 19460 not found in process
[0113/132457.478:ERROR:process_reader_win.cc(123)] NtOpenThread: {Access Denied} A process has requested access to an object, but has not been granted those access rights. (0xc0000022)
[0113/132457.479:ERROR:exception_snapshot_win.cc(99)] thread ID 17232 not found in process
[0113/132457.484:ERROR:process_reader_win.cc(123)] NtOpenThread: {Access Denied} A process has requested access to an object, but has not been granted those access rights. (0xc0000022)
[0113/132457.484:ERROR:exception_snapshot_win.cc(99)] thread ID 14684 not found in process
[0113/134132.302:ERROR:process_reader_win.cc(123)] NtOpenThread: {Access Denied} A process has requested access to an object, but has not been granted those access rights. (0xc0000022)
[0113/134132.303:ERROR:exception_snapshot_win.cc(99)] thread ID 10232 not found in process
[0113/134132.308:ERROR:process_reader_win.cc(123)] NtOpenThread: {Access Denied} A process has requested access to an object, but has not been granted those access rights. (0xc0000022)
[0113/134132.309:ERROR:exception_snapshot_win.cc(99)] thread ID 23436 not found in process
[0113/144121.044:ERROR:directory_reader_win.cc(43)] FindFirstFile: The system cannot find the path specified. (0x3)
[0113/205714.157:ERROR:directory_reader_win.cc(43)] FindFirstFile: The system cannot find the path specified. (0x3)
[0113/210008.503:ERROR:process_reader_win.cc(123)] NtOpenThread: {Access Denied} A process has requested access to an object, but has not been granted those access rights. (0xc0000022)
[0113/210008.537:ERROR:exception_snapshot_win.cc(99)] thread ID 2316 not found in process
[0113/210008.537:ERROR:process_reader_win.cc(123)] NtOpenThread: {Access Denied} A process has requested access to an object, but has not been granted those access rights. (0xc0000022)
[0113/210008.538:ERROR:exception_snapshot_win.cc(99)] thread ID 11176 not found in process
[0113/210008.510:ERROR:process_reader_win.cc(123)] NtOpenThread: {Access Denied} A process has requested access to an object, but has not been granted those access rights. (0xc0000022)
[0113/210008.545:ERROR:exception_snapshot_win.cc(99)] thread ID 13200 not found in process
[0113/210008.562:ERROR:process_reader_win.cc(123)] NtOpenThread: {Access Denied} A process has requested access to an object, but has not been granted those access rights. (0xc0000022)
[0113/210008.562:ERROR:exception_snapshot_win.cc(99)] thread ID 1416 not found in process
[0113/210430.678:ERROR:process_reader_win.cc(123)] NtOpenThread: {Access Denied} A process has requested access to an object, but has not been granted those access rights. (0xc0000022)
[0113/210430.679:ERROR:exception_snapshot_win.cc(99)] thread ID 9268 not found in process
[0113/210430.708:ERROR:process_reader_win.cc(123)] NtOpenThread: {Access Denied} A process has requested access to an object, but has not been granted those access rights. (0xc0000022)
[0113/210430.708:ERROR:exception_snapshot_win.cc(99)] thread ID 8180 not found in process
[0113/211118.067:ERROR:process_reader_win.cc(123)] NtOpenThread: {Access Denied} A process has requested access to an object, but has not been granted those access rights. (0xc0000022)
[0113/211118.068:ERROR:exception_snapshot_win.cc(99)] thread ID 7464 not found in process
[0113/211118.076:ERROR:process_reader_win.cc(123)] NtOpenThread: {Access Denied} A process has requested access to an object, but has not been granted those access rights. (0xc0000022)
[0113/211118.076:ERROR:exception_snapshot_win.cc(99)] thread ID 6356 not found in process
[0113/211808.619:ERROR:process_reader_win.cc(123)] NtOpenThread: {Access Denied} A process has requested access to an object, but has not been granted those access rights. (0xc0000022)
[0113/211808.619:ERROR:exception_snapshot_win.cc(99)] thread ID 15268 not found in process
[0113/211808.626:ERROR:process_reader_win.cc(123)] NtOpenThread: {Access Denied} A process has requested access to an object, but has not been granted those access rights. (0xc0000022)
[0113/211808.626:ERROR:exception_snapshot_win.cc(99)] thread ID 14660 not found in process
[0113/212422.388:ERROR:process_reader_win.cc(123)] NtOpenThread: {Access Denied} A process has requested access to an object, but has not been granted those access rights. (0xc0000022)
[0113/212422.389:ERROR:exception_snapshot_win.cc(99)] thread ID 13176 not found in process
[0113/212422.404:ERROR:process_reader_win.cc(123)] NtOpenThread: {Access Denied} A process has requested access to an object, but has not been granted those access rights. (0xc0000022)
[0113/212422.405:ERROR:exception_snapshot_win.cc(99)] thread ID 12284 not found in process
[0113/212927.335:ERROR:process_reader_win.cc(123)] NtOpenThread: {Access Denied} A process has requested access to an object, but has not been granted those access rights. (0xc0000022)
[0113/212927.346:ERROR:exception_snapshot_win.cc(99)] thread ID 14032 not found in process
[0113/212927.351:ERROR:process_reader_win.cc(123)] NtOpenThread: {Access Denied} A process has requested access to an object, but has not been granted those access rights. (0xc0000022)
[0113/212927.351:ERROR:exception_snapshot_win.cc(99)] thread ID 13996 not found in process
[0113/213858.957:ERROR:process_reader_win.cc(123)] NtOpenThread: {Access Denied} A process has requested access to an object, but has not been granted those access rights. (0xc0000022)
[0113/213858.958:ERROR:exception_snapshot_win.cc(99)] thread ID 11132 not found in process
[0113/213858.975:ERROR:process_reader_win.cc(123)] NtOpenThread: {Access Denied} A process has requested access to an object, but has not been granted those access rights. (0xc0000022)
[0113/213858.975:ERROR:exception_snapshot_win.cc(99)] thread ID 14028 not found in process
[0113/214923.954:ERROR:process_reader_win.cc(123)] NtOpenThread: {Access Denied} A process has requested access to an object, but has not been granted those access rights. (0xc0000022)
[0113/214923.955:ERROR:exception_snapshot_win.cc(99)] thread ID 15052 not found in process
[0113/214923.975:ERROR:process_reader_win.cc(123)] NtOpenThread: {Access Denied} A process has requested access to an object, but has not been granted those access rights. (0xc0000022)
[0113/214923.975:ERROR:exception_snapshot_win.cc(99)] thread ID 9312 not found in process
[0113/215217.833:ERROR:process_reader_win.cc(123)] NtOpenThread: {Access Denied} A process has requested access to an object, but has not been granted those access rights. (0xc0000022)
[0113/215217.833:ERROR:exception_snapshot_win.cc(99)] thread ID 13644 not found in process
[0113/215217.841:ERROR:process_reader_win.cc(123)] NtOpenThread: {Access Denied} A process has requested access to an object, but has not been granted those access rights. (0xc0000022)
[0113/215217.841:ERROR:exception_snapshot_win.cc(99)] thread ID 7392 not found in process
[0113/220529.296:ERROR:process_reader_win.cc(123)] NtOpenThread: {Access Denied} A process has requested access to an object, but has not been granted those access rights. (0xc0000022)
[0113/220529.297:ERROR:exception_snapshot_win.cc(99)] thread ID 8496 not found in process
[0113/220529.318:ERROR:process_reader_win.cc(123)] NtOpenThread: {Access Denied} A process has requested access to an object, but has not been granted those access rights. (0xc0000022)
[0113/220529.318:ERROR:exception_snapshot_win.cc(99)] thread ID 1176 not found in process
[0113/224005.545:ERROR:directory_reader_win.cc(43)] FindFirstFile: The system cannot find the path specified. (0x3)
[0113/230424.856:ERROR:process_reader_win.cc(123)] NtOpenThread: {Access Denied} A process has requested access to an object, but has not been granted those access rights. (0xc0000022)
[0113/230424.857:ERROR:exception_snapshot_win.cc(99)] thread ID 15552 not found in process
[0113/230424.877:ERROR:process_reader_win.cc(123)] NtOpenThread: {Access Denied} A process has requested access to an object, but has not been granted those access rights. (0xc0000022)
[0113/230424.877:ERROR:exception_snapshot_win.cc(99)] thread ID 12640 not found in process
[0113/230741.482:ERROR:process_reader_win.cc(123)] NtOpenThread: {Access Denied} A process has requested access to an object, but has not been granted those access rights. (0xc0000022)
[0113/230741.483:ERROR:exception_snapshot_win.cc(99)] thread ID 2268 not found in process
[0113/230741.514:ERROR:process_reader_win.cc(123)] NtOpenThread: {Access Denied} A process has requested access to an object, but has not been granted those access rights. (0xc0000022)
[0113/230741.514:ERROR:exception_snapshot_win.cc(99)] thread ID 15648 not found in process
[0113/231551.589:ERROR:process_reader_win.cc(123)] NtOpenThread: {Access Denied} A process has requested access to an object, but has not been granted those access rights. (0xc0000022)
[0113/231551.591:ERROR:exception_snapshot_win.cc(99)] thread ID 14504 not found in process
[0113/231551.601:ERROR:process_reader_win.cc(123)] NtOpenThread: {Access Denied} A process has requested access to an object, but has not been granted those access rights. (0xc0000022)
[0113/231551.602:ERROR:exception_snapshot_win.cc(99)] thread ID 10964 not found in process
[0113/232415.454:ERROR:process_reader_win.cc(123)] NtOpenThread: {Access Denied} A process has requested access to an object, but has not been granted those access rights. (0xc0000022)
[0113/232415.455:ERROR:exception_snapshot_win.cc(99)] thread ID 15944 not found in process
[0113/232415.461:ERROR:process_reader_win.cc(123)] NtOpenThread: {Access Denied} A process has requested access to an object, but has not been granted those access rights. (0xc0000022)
[0113/232415.461:ERROR:exception_snapshot_win.cc(99)] thread ID 15544 not found in process
[0113/232416.813:ERROR:process_reader_win.cc(123)] NtOpenThread: {Access Denied} A process has requested access to an object, but has not been granted those access rights. (0xc0000022)
[0113/232416.813:ERROR:exception_snapshot_win.cc(99)] thread ID 10408 not found in process
[0113/232908.043:ERROR:process_reader_win.cc(123)] NtOpenThread: {Access Denied} A process has requested access to an object, but has not been granted those access rights. (0xc0000022)
[0113/232908.045:ERROR:exception_snapshot_win.cc(99)] thread ID 8732 not found in process
[0113/232908.047:ERROR:process_reader_win.cc(123)] NtOpenThread: {Access Denied} A process has requested access to an object, but has not been granted those access rights. (0xc0000022)
[0113/232908.047:ERROR:exception_snapshot_win.cc(99)] thread ID 9500 not found in process
[0113/233514.312:ERROR:process_reader_win.cc(123)] NtOpenThread: {Access Denied} A process has requested access to an object, but has not been granted those access rights. (0xc0000022)
[0113/233514.313:ERROR:exception_snapshot_win.cc(99)] thread ID 7412 not found in process
[0113/233514.322:ERROR:process_reader_win.cc(123)] NtOpenThread: {Access Denied} A process has requested access to an object, but has not been granted those access rights. (0xc0000022)
[0113/233514.322:ERROR:exception_snapshot_win.cc(99)] thread ID 2532 not found in process
[0114/003659.151:ERROR:directory_reader_win.cc(43)] FindFirstFile: The system cannot find the path specified. (0x3)
[0114/004217.999:ERROR:process_reader_win.cc(123)] NtOpenThread: {Access Denied} A process has requested access to an object, but has not been granted those access rights. (0xc0000022)
[0114/004218.000:ERROR:exception_snapshot_win.cc(99)] thread ID 14704 not found in process
[0114/004218.004:ERROR:process_reader_win.cc(123)] NtOpenThread: {Access Denied} A process has requested access to an object, but has not been granted those access rights. (0xc0000022)
[0114/004218.004:ERROR:exception_snapshot_win.cc(99)] thread ID 14944 not found in process
[0114/010046.747:ERROR:process_reader_win.cc(123)] NtOpenThread: {Access Denied} A process has requested access to an object, but has not been granted those access rights. (0xc0000022)
[0114/010046.748:ERROR:exception_snapshot_win.cc(99)] thread ID 17012 not found in process
[0114/010046.756:ERROR:process_reader_win.cc(123)] NtOpenThread: {Access Denied} A process has requested access to an object, but has not been granted those access rights. (0xc0000022)
[0114/010046.756:ERROR:exception_snapshot_win.cc(99)] thread ID 8224 not found in process
[0114/020820.872:ERROR:process_reader_win.cc(123)] NtOpenThread: {Access Denied} A process has requested access to an object, but has not been granted those access rights. (0xc0000022)
[0114/020820.874:ERROR:exception_snapshot_win.cc(99)] thread ID 6276 not found in process
[0114/020820.889:ERROR:process_reader_win.cc(123)] NtOpenThread: {Access Denied} A process has requested access to an object, but has not been granted those access rights. (0xc0000022)
[0114/020820.889:ERROR:exception_snapshot_win.cc(99)] thread ID 7400 not found in process
[0114/072951.163:ERROR:process_reader_win.cc(123)] NtOpenThread: {Access Denied} A process has requested access to an object, but has not been granted those access rights. (0xc0000022)
[0114/072951.177:ERROR:exception_snapshot_win.cc(99)] thread ID 11732 not found in process
[0114/072951.181:ERROR:process_reader_win.cc(123)] NtOpenThread: {Access Denied} A process has requested access to an object, but has not been granted those access rights. (0xc0000022)
[0114/072951.181:ERROR:exception_snapshot_win.cc(99)] thread ID 16204 not found in process
[0114/083322.861:ERROR:process_reader_win.cc(123)] NtOpenThread: {Access Denied} A process has requested access to an object, but has not been granted those access rights. (0xc0000022)
[0114/083322.862:ERROR:exception_snapshot_win.cc(99)] thread ID 18300 not found in process
[0114/083322.897:ERROR:process_reader_win.cc(123)] NtOpenThread: {Access Denied} A process has requested access to an object, but has not been granted those access rights. (0xc0000022)
[0114/083322.900:ERROR:exception_snapshot_win.cc(99)] thread ID 11492 not found in process
[0114/084255.171:ERROR:process_reader_win.cc(123)] NtOpenThread: {Access Denied} A process has requested access to an object, but has not been granted those access rights. (0xc0000022)
[0114/084255.173:ERROR:exception_snapshot_win.cc(99)] thread ID 8212 not found in process
[0114/084255.194:ERROR:process_reader_win.cc(123)] NtOpenThread: {Access Denied} A process has requested access to an object, but has not been granted those access rights. (0xc0000022)
[0114/084255.194:ERROR:exception_snapshot_win.cc(99)] thread ID 17552 not found in process
[0114/084927.896:ERROR:process_reader_win.cc(123)] NtOpenThread: {Access Denied} A process has requested access to an object, but has not been granted those access rights. (0xc0000022)
[0114/084927.897:ERROR:exception_snapshot_win.cc(99)] thread ID 18348 not found in process
[0114/084927.934:ERROR:process_reader_win.cc(123)] NtOpenThread: {Access Denied} A process has requested access to an object, but has not been granted those access rights. (0xc0000022)
[0114/084927.934:ERROR:exception_snapshot_win.cc(99)] thread ID 16496 not found in process
[0114/090406.343:ERROR:directory_reader_win.cc(43)] FindFirstFile: The system cannot find the path specified. (0x3)
[0114/091401.904:ERROR:process_reader_win.cc(123)] NtOpenThread: {Access Denied} A process has requested access to an object, but has not been granted those access rights. (0xc0000022)
[0114/091401.905:ERROR:exception_snapshot_win.cc(99)] thread ID 13364 not found in process
[0114/091401.929:ERROR:process_reader_win.cc(123)] NtOpenThread: {Access Denied} A process has requested access to an object, but has not been granted those access rights. (0xc0000022)
[0114/091401.930:ERROR:exception_snapshot_win.cc(99)] thread ID 1940 not found in process
[0114/092351.918:ERROR:process_reader_win.cc(123)] NtOpenThread: {Access Denied} A process has requested access to an object, but has not been granted those access rights. (0xc0000022)
[0114/092351.919:ERROR:exception_snapshot_win.cc(99)] thread ID 17048 not found in process
[0114/092351.922:ERROR:process_reader_win.cc(123)] NtOpenThread: {Access Denied} A process has requested access to an object, but has not been granted those access rights. (0xc0000022)
[0114/092351.922:ERROR:exception_snapshot_win.cc(99)] thread ID 12256 not found in process
[0114/100847.317:ERROR:process_reader_win.cc(123)] NtOpenThread: {Access Denied} A process has requested access to an object, but has not been granted those access rights. (0xc0000022)
[0114/100847.318:ERROR:exception_snapshot_win.cc(99)] thread ID 18036 not found in process
[0114/100847.333:ERROR:process_reader_win.cc(123)] NtOpenThread: {Access Denied} A process has requested access to an object, but has not been granted those access rights. (0xc0000022)
[0114/100847.333:ERROR:exception_snapshot_win.cc(99)] thread ID 16880 not found in process
[0114/101039.449:ERROR:process_reader_win.cc(123)] NtOpenThread: {Access Denied} A process has requested access to an object, but has not been granted those access rights. (0xc0000022)
[0114/101039.450:ERROR:exception_snapshot_win.cc(99)] thread ID 18044 not found in process
[0114/101039.476:ERROR:process_reader_win.cc(123)] NtOpenThread: {Access Denied} A process has requested access to an object, but has not been granted those access rights. (0xc0000022)
[0114/101039.476:ERROR:exception_snapshot_win.cc(99)] thread ID 18640 not found in process
[0114/101322.374:ERROR:process_reader_win.cc(123)] NtOpenThread: {Access Denied} A process has requested access to an object, but has not been granted those access rights. (0xc0000022)
[0114/101322.375:ERROR:exception_snapshot_win.cc(99)] thread ID 9264 not found in process
[0114/101322.417:ERROR:process_reader_win.cc(123)] NtOpenThread: {Access Denied} A process has requested access to an object, but has not been granted those access rights. (0xc0000022)
[0114/101322.418:ERROR:exception_snapshot_win.cc(99)] thread ID 18792 not found in process
[0114/101910.776:ERROR:process_reader_win.cc(123)] NtOpenThread: {Access Denied} A process has requested access to an object, but has not been granted those access rights. (0xc0000022)
[0114/101910.777:ERROR:exception_snapshot_win.cc(99)] thread ID 17444 not found in process
[0114/101910.802:ERROR:process_reader_win.cc(123)] NtOpenThread: {Access Denied} A process has requested access to an object, but has not been granted those access rights. (0xc0000022)
[0114/101910.802:ERROR:exception_snapshot_win.cc(99)] thread ID 12260 not found in process
[0114/102855.803:ERROR:process_reader_win.cc(123)] NtOpenThread: {Access Denied} A process has requested access to an object, but has not been granted those access rights. (0xc0000022)
[0114/102855.804:ERROR:exception_snapshot_win.cc(99)] thread ID 8760 not found in process
[0114/102855.806:ERROR:process_reader_win.cc(123)] NtOpenThread: {Access Denied} A process has requested access to an object, but has not been granted those access rights. (0xc0000022)
[0114/102855.806:ERROR:exception_snapshot_win.cc(99)] thread ID 1220 not found in process
[0114/104359.961:ERROR:directory_reader_win.cc(43)] FindFirstFile: The system cannot find the path specified. (0x3)
[0114/104604.312:ERROR:process_reader_win.cc(123)] NtOpenThread: {Access Denied} A process has requested access to an object, but has not been granted those access rights. (0xc0000022)
[0114/104604.312:ERROR:exception_snapshot_win.cc(99)] thread ID 4672 not found in process
[0114/104604.341:ERROR:process_reader_win.cc(123)] NtOpenThread: {Access Denied} A process has requested access to an object, but has not been granted those access rights. (0xc0000022)
[0114/104604.341:ERROR:exception_snapshot_win.cc(99)] thread ID 17784 not found in process
[0114/105618.493:ERROR:directory_reader_win.cc(43)] FindFirstFile: The system cannot find the path specified. (0x3)
[0114/120354.306:ERROR:directory_reader_win.cc(43)] FindFirstFile: The system cannot find the path specified. (0x3)
[0114/125901.490:ERROR:directory_reader_win.cc(43)] FindFirstFile: The system cannot find the path specified. (0x3)
[0114/133812.948:ERROR:directory_reader_win.cc(43)] FindFirstFile: The system cannot find the path specified. (0x3)
[0114/181316.215:ERROR:process_reader_win.cc(123)] NtOpenThread: {Access Denied} A process has requested access to an object, but has not been granted those access rights. (0xc0000022)
[0114/181316.256:ERROR:process_reader_win.cc(123)] NtOpenThread: {Access Denied} A process has requested access to an object, but has not been granted those access rights. (0xc0000022)
[0114/181316.270:ERROR:exception_snapshot_win.cc(99)] thread ID 13452 not found in process
[0114/181316.270:ERROR:exception_snapshot_win.cc(99)] thread ID 7696 not found in process
[0114/183845.556:ERROR:process_reader_win.cc(123)] NtOpenThread: {Access Denied} A process has requested access to an object, but has not been granted those access rights. (0xc0000022)
[0114/183845.557:ERROR:exception_snapshot_win.cc(99)] thread ID 23652 not found in process
[0114/183845.568:ERROR:process_reader_win.cc(123)] NtOpenThread: {Access Denied} A process has requested access to an object, but has not been granted those access rights. (0xc0000022)
[0114/183845.579:ERROR:exception_snapshot_win.cc(99)] thread ID 18056 not found in process
[0114/184855.756:ERROR:process_reader_win.cc(123)] NtOpenThread: {Access Denied} A process has requested access to an object, but has not been granted those access rights. (0xc0000022)
[0114/184855.756:ERROR:exception_snapshot_win.cc(99)] thread ID 24460 not found in process
[0114/184855.789:ERROR:process_reader_win.cc(123)] NtOpenThread: {Access Denied} A process has requested access to an object, but has not been granted those access rights. (0xc0000022)
[0114/184855.789:ERROR:exception_snapshot_win.cc(99)] thread ID 25036 not found in process
[0114/185827.498:ERROR:process_reader_win.cc(123)] NtOpenThread: {Access Denied} A process has requested access to an object, but has not been granted those access rights. (0xc0000022)
[0114/185827.499:ERROR:exception_snapshot_win.cc(99)] thread ID 27704 not found in process
[0114/185827.532:ERROR:process_reader_win.cc(123)] NtOpenThread: {Access Denied} A process has requested access to an object, but has not been granted those access rights. (0xc0000022)
[0114/185827.532:ERROR:exception_snapshot_win.cc(99)] thread ID 24564 not found in process
[0114/185906.837:ERROR:process_reader_win.cc(123)] NtOpenThread: {Access Denied} A process has requested access to an object, but has not been granted those access rights. (0xc0000022)
[0114/185906.838:ERROR:exception_snapshot_win.cc(99)] thread ID 8532 not found in process
[0114/185906.879:ERROR:process_reader_win.cc(123)] NtOpenThread: {Access Denied} A process has requested access to an object, but has not been granted those access rights. (0xc0000022)
[0114/185906.879:ERROR:exception_snapshot_win.cc(99)] thread ID 25556 not found in process
[0114/191104.317:ERROR:process_reader_win.cc(123)] NtOpenThread: {Access Denied} A process has requested access to an object, but has not been granted those access rights. (0xc0000022)
[0114/191104.317:ERROR:exception_snapshot_win.cc(99)] thread ID 24756 not found in process
[0114/191104.369:ERROR:process_reader_win.cc(123)] NtOpenThread: {Access Denied} A process has requested access to an object, but has not been granted those access rights. (0xc0000022)
[0114/191104.369:ERROR:exception_snapshot_win.cc(99)] thread ID 28504 not found in process
[0114/191131.275:ERROR:process_reader_win.cc(123)] NtOpenThread: {Access Denied} A process has requested access to an object, but has not been granted those access rights. (0xc0000022)
[0114/191131.276:ERROR:exception_snapshot_win.cc(99)] thread ID 18512 not found in process
[0114/191131.321:ERROR:process_reader_win.cc(123)] NtOpenThread: {Access Denied} A process has requested access to an object, but has not been granted those access rights. (0xc0000022)
[0114/191131.321:ERROR:exception_snapshot_win.cc(99)] thread ID 27900 not found in process
[0114/191330.242:ERROR:process_reader_win.cc(123)] NtOpenThread: {Access Denied} A process has requested access to an object, but has not been granted those access rights. (0xc0000022)
[0114/191330.243:ERROR:exception_snapshot_win.cc(99)] thread ID 18860 not found in process
[0114/191330.269:ERROR:process_reader_win.cc(123)] NtOpenThread: {Access Denied} A process has requested access to an object, but has not been granted those access rights. (0xc0000022)
[0114/191330.269:ERROR:exception_snapshot_win.cc(99)] thread ID 19380 not found in process
[0114/191444.291:ERROR:process_reader_win.cc(123)] NtOpenThread: {Access Denied} A process has requested access to an object, but has not been granted those access rights. (0xc0000022)
[0114/191444.292:ERROR:exception_snapshot_win.cc(99)] thread ID 12592 not found in process
[0114/191444.291:ERROR:process_reader_win.cc(123)] NtOpenThread: {Access Denied} A process has requested access to an object, but has not been granted those access rights. (0xc0000022)
[0114/191444.392:ERROR:exception_snapshot_win.cc(99)] thread ID 15016 not found in process
[0114/191444.392:ERROR:scoped_process_suspend.cc(40)] NtResumeProcess: An attempt was made to access an exiting process. (0xc000010a)
[0114/191518.299:ERROR:process_reader_win.cc(123)] NtOpenThread: {Access Denied} A process has requested access to an object, but has not been granted those access rights. (0xc0000022)
[0114/191518.300:ERROR:exception_snapshot_win.cc(99)] thread ID 18052 not found in process
[0114/191518.320:ERROR:process_reader_win.cc(123)] NtOpenThread: {Access Denied} A process has requested access to an object, but has not been granted those access rights. (0xc0000022)
[0114/191518.320:ERROR:exception_snapshot_win.cc(99)] thread ID 21972 not found in process
[0114/192543.640:ERROR:process_reader_win.cc(123)] NtOpenThread: {Access Denied} A process has requested access to an object, but has not been granted those access rights. (0xc0000022)
[0114/192543.641:ERROR:exception_snapshot_win.cc(99)] thread ID 23664 not found in process
[0114/192543.669:ERROR:process_reader_win.cc(123)] NtOpenThread: {Access Denied} A process has requested access to an object, but has not been granted those access rights. (0xc0000022)
[0114/192543.669:ERROR:exception_snapshot_win.cc(99)] thread ID 17440 not found in process
[0114/193345.200:ERROR:process_reader_win.cc(123)] NtOpenThread: {Access Denied} A process has requested access to an object, but has not been granted those access rights. (0xc0000022)
[0114/193345.201:ERROR:exception_snapshot_win.cc(99)] thread ID 17992 not found in process
[0114/193345.221:ERROR:process_reader_win.cc(123)] NtOpenThread: {Access Denied} A process has requested access to an object, but has not been granted those access rights. (0xc0000022)
[0114/193345.221:ERROR:exception_snapshot_win.cc(99)] thread ID 8784 not found in process
[0114/194448.419:ERROR:directory_reader_win.cc(43)] FindFirstFile: The system cannot find the path specified. (0x3)
[0114/194638.007:ERROR:process_reader_win.cc(123)] NtOpenThread: {Access Denied} A process has requested access to an object, but has not been granted those access rights. (0xc0000022)
[0114/194638.008:ERROR:exception_snapshot_win.cc(99)] thread ID 25900 not found in process
[0114/194638.028:ERROR:process_reader_win.cc(123)] NtOpenThread: {Access Denied} A process has requested access to an object, but has not been granted those access rights. (0xc0000022)
[0114/194638.029:ERROR:exception_snapshot_win.cc(99)] thread ID 13516 not found in process
[0114/200110.258:ERROR:directory_reader_win.cc(43)] FindFirstFile: The system cannot find the path specified. (0x3)
[0114/205423.635:ERROR:process_reader_win.cc(123)] NtOpenThread: {Access Denied} A process has requested access to an object, but has not been granted those access rights. (0xc0000022)
[0114/205423.677:ERROR:exception_snapshot_win.cc(99)] thread ID 23972 not found in process
[0114/205423.833:ERROR:process_reader_win.cc(123)] NtOpenThread: {Access Denied} A process has requested access to an object, but has not been granted those access rights. (0xc0000022)
[0114/205423.833:ERROR:exception_snapshot_win.cc(99)] thread ID 25820 not found in process
[0114/205423.875:ERROR:process_reader_win.cc(123)] NtOpenThread: {Access Denied} A process has requested access to an object, but has not been granted those access rights. (0xc0000022)
[0114/205423.875:ERROR:exception_snapshot_win.cc(99)] thread ID 25884 not found in process
[0114/210001.811:ERROR:process_reader_win.cc(123)] NtOpenThread: {Access Denied} A process has requested access to an object, but has not been granted those access rights. (0xc0000022)
[0114/210001.812:ERROR:exception_snapshot_win.cc(99)] thread ID 27984 not found in process
[0114/210001.812:ERROR:process_reader_win.cc(123)] NtOpenThread: {Access Denied} A process has requested access to an object, but has not been granted those access rights. (0xc0000022)
[0114/210001.813:ERROR:exception_snapshot_win.cc(99)] thread ID 21648 not found in process
[0114/211032.999:ERROR:directory_reader_win.cc(43)] FindFirstFile: The system cannot find the path specified. (0x3)
[0114/212538.754:ERROR:directory_reader_win.cc(43)] FindFirstFile: The system cannot find the path specified. (0x3)
[0114/212856.433:ERROR:process_reader_win.cc(123)] NtOpenThread: {Access Denied} A process has requested access to an object, but has not been granted those access rights. (0xc0000022)
[0114/212856.433:ERROR:exception_snapshot_win.cc(99)] thread ID 19924 not found in process
[0114/212856.446:ERROR:process_reader_win.cc(123)] NtOpenThread: {Access Denied} A process has requested access to an object, but has not been granted those access rights. (0xc0000022)
[0114/212856.446:ERROR:exception_snapshot_win.cc(99)] thread ID 21548 not found in process
[0114/212856.446:ERROR:process_reader_win.cc(123)] NtOpenThread: {Access Denied} A process has requested access to an object, but has not been granted those access rights. (0xc0000022)
[0114/212856.447:ERROR:exception_snapshot_win.cc(99)] thread ID 24728 not found in process
[0114/212856.517:ERROR:process_reader_win.cc(123)] NtOpenThread: {Access Denied} A process has requested access to an object, but has not been granted those access rights. (0xc0000022)
[0114/212856.517:ERROR:exception_snapshot_win.cc(99)] thread ID 26768 not found in process
[0114/213942.408:ERROR:directory_reader_win.cc(43)] FindFirstFile: The system cannot find the path specified. (0x3)
[0114/214607.287:ERROR:process_reader_win.cc(123)] NtOpenThread: {Access Denied} A process has requested access to an object, but has not been granted those access rights. (0xc0000022)
[0114/214607.291:ERROR:exception_snapshot_win.cc(99)] thread ID 20808 not found in process
[0114/214607.299:ERROR:process_reader_win.cc(123)] NtOpenThread: {Access Denied} A process has requested access to an object, but has not been granted those access rights. (0xc0000022)
[0114/214607.299:ERROR:exception_snapshot_win.cc(99)] thread ID 25344 not found in process
[0114/214953.659:ERROR:process_reader_win.cc(123)] NtOpenThread: {Access Denied} A process has requested access to an object, but has not been granted those access rights. (0xc0000022)
[0114/214953.660:ERROR:exception_snapshot_win.cc(99)] thread ID 21380 not found in process
[0114/214953.686:ERROR:process_reader_win.cc(123)] NtOpenThread: {Access Denied} A process has requested access to an object, but has not been granted those access rights. (0xc0000022)
[0114/214953.686:ERROR:exception_snapshot_win.cc(99)] thread ID 25972 not found in process
[0114/220004.473:ERROR:directory_reader_win.cc(43)] FindFirstFile: The system cannot find the path specified. (0x3)
[0115/025520.212:ERROR:directory_reader_win.cc(43)] FindFirstFile: The system cannot find the path specified. (0x3)
[0115/025939.228:ERROR:directory_reader_win.cc(43)] FindFirstFile: The system cannot find the path specified. (0x3)
[0115/030320.085:ERROR:directory_reader_win.cc(43)] FindFirstFile: The system cannot find the path specified. (0x3)
[0115/045626.893:ERROR:directory_reader_win.cc(43)] FindFirstFile: The system cannot find the path specified. (0x3)
[0115/051344.717:ERROR:directory_reader_win.cc(43)] FindFirstFile: The system cannot find the path specified. (0x3)
[0115/052333.758:ERROR:directory_reader_win.cc(43)] FindFirstFile: The system cannot find the path specified. (0x3)
